> Task :skilltrack-common:compileJava UP-TO-DATE
> Task :skilltrack-common:processResources NO-SOURCE
> Task :skilltrack-common:classes UP-TO-DATE
> Task :skilltrack-common:jar UP-TO-DATE
> Task :skilltrack-batch:compileJava UP-TO-DATE
> Task :skilltrack-scheduler:compileJava UP-TO-DATE
> Task :skilltrack-scheduler:processResources NO-SOURCE
> Task :skilltrack-scheduler:classes UP-TO-DATE
> Task :skilltrack-scheduler:jar UP-TO-DATE
> Task :skilltrack-api:compileJava UP-TO-DATE
> Task :skilltrack-api:processResources UP-TO-DATE
> Task :skilltrack-api:classes UP-TO-DATE
> Task :skilltrack-api:resolveMainClassName UP-TO-DATE
> Task :skilltrack-batch:processResources NO-SOURCE
> Task :skilltrack-batch:classes UP-TO-DATE
> Task :skilltrack-batch:jar UP-TO-DATE

> Task :skilltrack-api:bootRun

  .   ____          _            __ _ _
 /\\ / ___'_ __ _ _(_)_ __  __ _ \ \ \ \
( ( )\___ | '_ | '_| | '_ \/ _` | \ \ \ \
 \\/  ___)| |_)| | | | | || (_| |  ) ) ) )
  '  |____| .__|_| |_|_| |_\__, | / / / /
 =========|_|==============|___/=/_/_/_/
 :: Spring Boot ::                (v3.2.2)

2026-04-05 17:09:50 - Starting SkillTrackApplication using Java 17.0.12 with PID 11697 (/Users/aparnapawar/IdeaProjects/SkillTrack/skilltrack-api/build/classes/java/main started by aparnapawar in /Users/aparnapawar/IdeaProjects/SkillTrack/skilltrack-api)
2026-04-05 17:09:50 - Running with Spring Boot v3.2.2, Spring v6.1.3
2026-04-05 17:09:50 - The following 1 profile is active: "dev"
2026-04-05 17:09:54 - Multiple Spring Data modules found, entering strict repository configuration mode
2026-04-05 17:09:54 - Bootstrapping Spring Data JPA repositories in DEFAULT mode.
2026-04-05 17:09:55 - Finished Spring Data repository scanning in 557 ms. Found 5 JPA repository interfaces.
2026-04-05 17:09:55 - Multiple Spring Data modules found, entering strict repository configuration mode
2026-04-05 17:09:55 - Bootstrapping Spring Data Redis repositories in DEFAULT mode.
2026-04-05 17:09:55 - Spring Data Redis - Could not safely identify store assignment for repository candidate interface com.example.skilltrack.repository.CourseImportFailureRepository; If you want this repository to be a Redis repository, consider annotating your entities with one of these annotations: org.springframework.data.redis.core.RedisHash (preferred), or consider extending one of the following types with your repository: org.springframework.data.keyvalue.repository.KeyValueRepository
2026-04-05 17:09:55 - Spring Data Redis - Could not safely identify store assignment for repository candidate interface com.example.skilltrack.repository.UserRepository; If you want this repository to be a Redis repository, consider annotating your entities with one of these annotations: org.springframework.data.redis.core.RedisHash (preferred), or consider extending one of the following types with your repository: org.springframework.data.keyvalue.repository.KeyValueRepository
2026-04-05 17:09:55 - Spring Data Redis - Could not safely identify store assignment for repository candidate interface com.example.skilltrack.repository.EnrollmentRepository; If you want this repository to be a Redis repository, consider annotating your entities with one of these annotations: org.springframework.data.redis.core.RedisHash (preferred), or consider extending one of the following types with your repository: org.springframework.data.keyvalue.repository.KeyValueRepository
2026-04-05 17:09:55 - Spring Data Redis - Could not safely identify store assignment for repository candidate interface com.example.skilltrack.repository.CourseRepository; If you want this repository to be a Redis repository, consider annotating your entities with one of these annotations: org.springframework.data.redis.core.RedisHash (preferred), or consider extending one of the following types with your repository: org.springframework.data.keyvalue.repository.KeyValueRepository
2026-04-05 17:09:55 - Spring Data Redis - Could not safely identify store assignment for repository candidate interface com.example.skilltrack.repository.RoleRepository; If you want this repository to be a Redis repository, consider annotating your entities with one of these annotations: org.springframework.data.redis.core.RedisHash (preferred), or consider extending one of the following types with your repository: org.springframework.data.keyvalue.repository.KeyValueRepository
2026-04-05 17:09:55 - Finished Spring Data repository scanning in 43 ms. Found 0 Redis repository interfaces.
2026-04-05 17:09:57 - Bean 'org.springframework.boot.autoconfigure.jdbc.DataSourceConfiguration$Hikari' of type [org.springframework.boot.autoconfigure.jdbc.DataSourceConfiguration$Hikari] is not eligible for getting processed by all BeanPostProcessors (for example: not eligible for auto-proxying). Is this bean getting eagerly injected into a currently created BeanPostProcessor [jobRegistryBeanPostProcessor]? Check the corresponding BeanPostProcessor declaration and its dependencies.
2026-04-05 17:09:57 - Bean 'spring.datasource-org.springframework.boot.autoconfigure.jdbc.DataSourceProperties' of type [org.springframework.boot.autoconfigure.jdbc.DataSourceProperties] is not eligible for getting processed by all BeanPostProcessors (for example: not eligible for auto-proxying). Is this bean getting eagerly injected into a currently created BeanPostProcessor [jobRegistryBeanPostProcessor]? Check the corresponding BeanPostProcessor declaration and its dependencies.
2026-04-05 17:09:57 - Bean 'org.springframework.boot.autoconfigure.jdbc.DataSourceAutoConfiguration$PooledDataSourceConfiguration' of type [org.springframework.boot.autoconfigure.jdbc.DataSourceAutoConfiguration$PooledDataSourceConfiguration] is not eligible for getting processed by all BeanPostProcessors (for example: not eligible for auto-proxying). Is this bean getting eagerly injected into a currently created BeanPostProcessor [jobRegistryBeanPostProcessor]? Check the corresponding BeanPostProcessor declaration and its dependencies.
2026-04-05 17:09:57 - Bean 'jdbcConnectionDetails' of type [org.springframework.boot.autoconfigure.jdbc.PropertiesJdbcConnectionDetails] is not eligible for getting processed by all BeanPostProcessors (for example: not eligible for auto-proxying). Is this bean getting eagerly injected into a currently created BeanPostProcessor [jobRegistryBeanPostProcessor]? Check the corresponding BeanPostProcessor declaration and its dependencies.
2026-04-05 17:09:57 - Bean 'dataSource' of type [com.zaxxer.hikari.HikariDataSource] is not eligible for getting processed by all BeanPostProcessors (for example: not eligible for auto-proxying). Is this bean getting eagerly injected into a currently created BeanPostProcessor [jobRegistryBeanPostProcessor]? Check the corresponding BeanPostProcessor declaration and its dependencies.
2026-04-05 17:09:57 - Bean 'spring.jpa-org.springframework.boot.autoconfigure.orm.jpa.JpaProperties' of type [org.springframework.boot.autoconfigure.orm.jpa.JpaProperties] is not eligible for getting processed by all BeanPostProcessors (for example: not eligible for auto-proxying). Is this bean getting eagerly injected into a currently created BeanPostProcessor [jobRegistryBeanPostProcessor]? Check the corresponding BeanPostProcessor declaration and its dependencies.
2026-04-05 17:09:57 - Bean 'spring.jpa.hibernate-org.springframework.boot.autoconfigure.orm.jpa.HibernateProperties' of type [org.springframework.boot.autoconfigure.orm.jpa.HibernateProperties] is not eligible for getting processed by all BeanPostProcessors (for example: not eligible for auto-proxying). Is this bean getting eagerly injected into a currently created BeanPostProcessor [jobRegistryBeanPostProcessor]? Check the corresponding BeanPostProcessor declaration and its dependencies.
2026-04-05 17:09:57 - Bean 'org.springframework.boot.autoconfigure.jdbc.metadata.DataSourcePoolMetadataProvidersConfiguration$HikariPoolDataSourceMetadataProviderConfiguration' of type [org.springframework.boot.autoconfigure.jdbc.metadata.DataSourcePoolMetadataProvidersConfiguration$HikariPoolDataSourceMetadataProviderConfiguration] is not eligible for getting processed by all BeanPostProcessors (for example: not eligible for auto-proxying). Is this bean getting eagerly injected into a currently created BeanPostProcessor [jobRegistryBeanPostProcessor]? Check the corresponding BeanPostProcessor declaration and its dependencies.
2026-04-05 17:09:57 - Bean 'hikariPoolDataSourceMetadataProvider' of type [org.springframework.boot.autoconfigure.jdbc.metadata.DataSourcePoolMetadataProvidersConfiguration$HikariPoolDataSourceMetadataProviderConfiguration$$Lambda$677/0x000000012e4fe698] is not eligible for getting processed by all BeanPostProcessors (for example: not eligible for auto-proxying). Is this bean getting eagerly injected into a currently created BeanPostProcessor [jobRegistryBeanPostProcessor]? Check the corresponding BeanPostProcessor declaration and its dependencies.
2026-04-05 17:09:57 - Bean 'org.springframework.boot.autoconfigure.orm.jpa.HibernateJpaConfiguration' of type [org.springframework.boot.autoconfigure.orm.jpa.HibernateJpaConfiguration] is not eligible for getting processed by all BeanPostProcessors (for example: not eligible for auto-proxying). Is this bean getting eagerly injected into a currently created BeanPostProcessor [jobRegistryBeanPostProcessor]? Check the corresponding BeanPostProcessor declaration and its dependencies.
2026-04-05 17:09:57 - Bean 'org.springframework.boot.autoconfigure.transaction.TransactionManagerCustomizationAutoConfiguration' of type [org.springframework.boot.autoconfigure.transaction.TransactionManagerCustomizationAutoConfiguration] is not eligible for getting processed by all BeanPostProcessors (for example: not eligible for auto-proxying). Is this bean getting eagerly injected into a currently created BeanPostProcessor [jobRegistryBeanPostProcessor]? Check the corresponding BeanPostProcessor declaration and its dependencies.
2026-04-05 17:09:57 - Bean 'transactionExecutionListeners' of type [org.springframework.boot.autoconfigure.transaction.ExecutionListenersTransactionManagerCustomizer] is not eligible for getting processed by all BeanPostProcessors (for example: not eligible for auto-proxying). Is this bean getting eagerly injected into a currently created BeanPostProcessor [jobRegistryBeanPostProcessor]? Check the corresponding BeanPostProcessor declaration and its dependencies.
2026-04-05 17:09:57 - Bean 'spring.transaction-org.springframework.boot.autoconfigure.transaction.TransactionProperties' of type [org.springframework.boot.autoconfigure.transaction.TransactionProperties] is not eligible for getting processed by all BeanPostProcessors (for example: not eligible for auto-proxying). Is this bean getting eagerly injected into a currently created BeanPostProcessor [jobRegistryBeanPostProcessor]? Check the corresponding BeanPostProcessor declaration and its dependencies.
2026-04-05 17:09:57 - Bean 'platformTransactionManagerCustomizers' of type [org.springframework.boot.autoconfigure.transaction.TransactionManagerCustomizers] is not eligible for getting processed by all BeanPostProcessors (for example: not eligible for auto-proxying). Is this bean getting eagerly injected into a currently created BeanPostProcessor [jobRegistryBeanPostProcessor]? Check the corresponding BeanPostProcessor declaration and its dependencies.
2026-04-05 17:09:57 - Bean 'org.springframework.boot.autoconfigure.quartz.QuartzAutoConfiguration$JdbcStoreTypeConfiguration' of type [org.springframework.boot.autoconfigure.quartz.QuartzAutoConfiguration$JdbcStoreTypeConfiguration] is not eligible for getting processed by all BeanPostProcessors (for example: not eligible for auto-proxying). Is this bean getting eagerly injected into a currently created BeanPostProcessor [jobRegistryBeanPostProcessor]? Check the corresponding BeanPostProcessor declaration and its dependencies.
2026-04-05 17:09:57 - Bean 'spring.quartz-org.springframework.boot.autoconfigure.quartz.QuartzProperties' of type [org.springframework.boot.autoconfigure.quartz.QuartzProperties] is not eligible for getting processed by all BeanPostProcessors (for example: not eligible for auto-proxying). Is this bean getting eagerly injected into a currently created BeanPostProcessor [jobRegistryBeanPostProcessor]? Check the corresponding BeanPostProcessor declaration and its dependencies.
2026-04-05 17:09:57 - HikariPool-1 - Starting...
2026-04-05 17:09:57 - HikariPool-1 - Added connection conn0: url=jdbc:h2:mem:skilltrack user=SA
2026-04-05 17:09:57 - HikariPool-1 - Start completed.
2026-04-05 17:09:58 - Bean 'quartzDataSourceScriptDatabaseInitializer' of type [org.springframework.boot.autoconfigure.quartz.QuartzDataSourceScriptDatabaseInitializer] is not eligible for getting processed by all BeanPostProcessors (for example: not eligible for auto-proxying). Is this bean getting eagerly injected into a currently created BeanPostProcessor [jobRegistryBeanPostProcessor]? Check the corresponding BeanPostProcessor declaration and its dependencies.
2026-04-05 17:09:58 - Bean 'org.springframework.boot.autoconfigure.sql.init.DataSourceInitializationConfiguration' of type [org.springframework.boot.autoconfigure.sql.init.DataSourceInitializationConfiguration] is not eligible for getting processed by all BeanPostProcessors (for example: not eligible for auto-proxying). Is this bean getting eagerly injected into a currently created BeanPostProcessor [jobRegistryBeanPostProcessor]? Check the corresponding BeanPostProcessor declaration and its dependencies.
2026-04-05 17:09:58 - Bean 'spring.sql.init-org.springframework.boot.autoconfigure.sql.init.SqlInitializationProperties' of type [org.springframework.boot.autoconfigure.sql.init.SqlInitializationProperties] is not eligible for getting processed by all BeanPostProcessors (for example: not eligible for auto-proxying). Is this bean getting eagerly injected into a currently created BeanPostProcessor [jobRegistryBeanPostProcessor]? Check the corresponding BeanPostProcessor declaration and its dependencies.
2026-04-05 17:09:58 - Bean 'dataSourceScriptDatabaseInitializer' of type [org.springframework.boot.autoconfigure.sql.init.SqlDataSourceScriptDatabaseInitializer] is not eligible for getting processed by all BeanPostProcessors (for example: not eligible for auto-proxying). Is this bean getting eagerly injected into a currently created BeanPostProcessor [jobRegistryBeanPostProcessor]? Check the corresponding BeanPostProcessor declaration and its dependencies.
2026-04-05 17:09:58 - Bean 'org.springframework.boot.autoconfigure.batch.BatchAutoConfiguration$DataSourceInitializerConfiguration' of type [org.springframework.boot.autoconfigure.batch.BatchAutoConfiguration$DataSourceInitializerConfiguration] is not eligible for getting processed by all BeanPostProcessors (for example: not eligible for auto-proxying). Is this bean getting eagerly injected into a currently created BeanPostProcessor [jobRegistryBeanPostProcessor]? Check the corresponding BeanPostProcessor declaration and its dependencies.
2026-04-05 17:09:58 - Bean 'spring.batch-org.springframework.boot.autoconfigure.batch.BatchProperties' of type [org.springframework.boot.autoconfigure.batch.BatchProperties] is not eligible for getting processed by all BeanPostProcessors (for example: not eligible for auto-proxying). Is this bean getting eagerly injected into a currently created BeanPostProcessor [jobRegistryBeanPostProcessor]? Check the corresponding BeanPostProcessor declaration and its dependencies.
2026-04-05 17:09:58 - Bean 'batchDataSourceInitializer' of type [org.springframework.boot.autoconfigure.batch.BatchDataSourceScriptDatabaseInitializer] is not eligible for getting processed by all BeanPostProcessors (for example: not eligible for auto-proxying). Is this bean getting eagerly injected into a currently created BeanPostProcessor [jobRegistryBeanPostProcessor]? Check the corresponding BeanPostProcessor declaration and its dependencies.
2026-04-05 17:09:58 - Bean 'jpaVendorAdapter' of type [org.springframework.orm.jpa.vendor.HibernateJpaVendorAdapter] is not eligible for getting processed by all BeanPostProcessors (for example: not eligible for auto-proxying). Is this bean getting eagerly injected into a currently created BeanPostProcessor [jobRegistryBeanPostProcessor]? Check the corresponding BeanPostProcessor declaration and its dependencies.
2026-04-05 17:09:58 - Bean 'entityManagerFactoryBuilder' of type [org.springframework.boot.orm.jpa.EntityManagerFactoryBuilder] is not eligible for getting processed by all BeanPostProcessors (for example: not eligible for auto-proxying). Is this bean getting eagerly injected into a currently created BeanPostProcessor [jobRegistryBeanPostProcessor]? Check the corresponding BeanPostProcessor declaration and its dependencies.
2026-04-05 17:09:58 - Bean 'persistenceManagedTypes' of type [org.springframework.orm.jpa.persistenceunit.SimplePersistenceManagedTypes] is not eligible for getting processed by all BeanPostProcessors (for example: not eligible for auto-proxying). Is this bean getting eagerly injected into a currently created BeanPostProcessor [jobRegistryBeanPostProcessor]? Check the corresponding BeanPostProcessor declaration and its dependencies.
2026-04-05 17:09:58 - HHH000204: Processing PersistenceUnitInfo [name: default]
2026-04-05 17:09:58 - HHH000412: Hibernate ORM core version 6.4.1.Final
2026-04-05 17:09:58 - HHH000026: Second-level cache disabled
2026-04-05 17:09:58 - Envers integration enabled? : true
2026-04-05 17:09:59 - No LoadTimeWeaver setup: ignoring JPA class transformer
2026-04-05 17:09:59 - HHH90000025: H2Dialect does not need to be specified explicitly using 'hibernate.dialect' (remove the property setting and it will be selected by default)
2026-04-05 17:10:00 - Adding properties for entity: com.example.skilltrack.entity.Enrollment
2026-04-05 17:10:00 - Adding properties for entity: com.example.skilltrack.entity.Role
2026-04-05 17:10:00 - Adding properties for entity: com.example.skilltrack.entity.CourseModule
2026-04-05 17:10:00 - Adding properties for entity: com.example.skilltrack.entity.Course
2026-04-05 17:10:00 - Adding properties for entity: com.example.skilltrack.entity.User
2026-04-05 17:10:00 - Bean '(inner bean)#2c6efee3' of type [org.springframework.beans.factory.config.ObjectFactoryCreatingFactoryBean] is not eligible for getting processed by all BeanPostProcessors (for example: not eligible for auto-proxying). Is this bean getting eagerly injected into a currently created BeanPostProcessor [jobRegistryBeanPostProcessor]? Check the corresponding BeanPostProcessor declaration and its dependencies.
2026-04-05 17:10:00 - Bean '(inner bean)#2c6efee3' of type [org.springframework.beans.factory.config.ObjectFactoryCreatingFactoryBean$TargetBeanObjectFactory] is not eligible for getting processed by all BeanPostProcessors (for example: not eligible for auto-proxying). Is this bean getting eagerly injected into a currently created BeanPostProcessor [jobRegistryBeanPostProcessor]? Check the corresponding BeanPostProcessor declaration and its dependencies.
2026-04-05 17:10:03 - HHH015007: Illegal argument on static metamodel field injection : org.hibernate.envers.DefaultRevisionEntity_#class_; expected type :  org.hibernate.metamodel.model.domain.internal.EntityTypeImpl; encountered type : jakarta.persistence.metamodel.MappedSuperclassType
2026-04-05 17:10:03 - HHH000489: No JTA platform available (set 'hibernate.transaction.jta.platform' to enable JTA platform integration)
2026-04-05 17:10:03 - 
    create table course_import_failures (
        id bigint generated by default as identity,
        error_message TEXT not null,
        import_batch_id varchar(255),
        raw_data TEXT not null,
        row_number integer,
        timestamp timestamp(6) not null,
        primary key (id)
    )
Hibernate: 
    create table course_import_failures (
        id bigint generated by default as identity,
        error_message TEXT not null,
        import_batch_id varchar(255),
        raw_data TEXT not null,
        row_number integer,
        timestamp timestamp(6) not null,
        primary key (id)
    )
2026-04-05 17:10:03 - 
    create table course_modules (
        id bigint generated by default as identity,
        content TEXT,
        order_index integer not null,
        title varchar(200) not null,
        course_id bigint not null,
        primary key (id)
    )
Hibernate: 
    create table course_modules (
        id bigint generated by default as identity,
        content TEXT,
        order_index integer not null,
        title varchar(200) not null,
        course_id bigint not null,
        primary key (id)
    )
2026-04-05 17:10:03 - 
    create table course_modules_aud (
        id bigint not null,
        rev integer not null,
        revtype tinyint,
        content TEXT,
        order_index integer,
        title varchar(200),
        course_id bigint,
        primary key (rev, id)
    )
Hibernate: 
    create table course_modules_aud (
        id bigint not null,
        rev integer not null,
        revtype tinyint,
        content TEXT,
        order_index integer,
        title varchar(200),
        course_id bigint,
        primary key (rev, id)
    )
2026-04-05 17:10:03 - 
    create table courses (
        id bigint generated by default as identity,
        created_at timestamp(6) not null,
        deleted boolean not null,
        description TEXT,
        instructor_id bigint not null,
        title varchar(200) not null,
        updated_at timestamp(6),
        primary key (id)
    )
Hibernate: 
    create table courses (
        id bigint generated by default as identity,
        created_at timestamp(6) not null,
        deleted boolean not null,
        description TEXT,
        instructor_id bigint not null,
        title varchar(200) not null,
        updated_at timestamp(6),
        primary key (id)
    )
2026-04-05 17:10:03 - 
    create table courses_aud (
        id bigint not null,
        rev integer not null,
        revtype tinyint,
        created_at timestamp(6),
        deleted boolean,
        description TEXT,
        instructor_id bigint,
        title varchar(200),
        updated_at timestamp(6),
        primary key (rev, id)
    )
Hibernate: 
    create table courses_aud (
        id bigint not null,
        rev integer not null,
        revtype tinyint,
        created_at timestamp(6),
        deleted boolean,
        description TEXT,
        instructor_id bigint,
        title varchar(200),
        updated_at timestamp(6),
        primary key (rev, id)
    )
2026-04-05 17:10:03 - 
    create table enrollments (
        id bigint generated by default as identity,
        completed_at timestamp(6),
        enrolled_at timestamp(6) not null,
        progress integer not null,
        course_id bigint not null,
        user_id bigint not null,
        primary key (id)
    )
Hibernate: 
    create table enrollments (
        id bigint generated by default as identity,
        completed_at timestamp(6),
        enrolled_at timestamp(6) not null,
        progress integer not null,
        course_id bigint not null,
        user_id bigint not null,
        primary key (id)
    )
2026-04-05 17:10:03 - 
    create table enrollments_aud (
        id bigint not null,
        rev integer not null,
        revtype tinyint,
        completed_at timestamp(6),
        enrolled_at timestamp(6),
        progress integer,
        course_id bigint,
        user_id bigint,
        primary key (rev, id)
    )
Hibernate: 
    create table enrollments_aud (
        id bigint not null,
        rev integer not null,
        revtype tinyint,
        completed_at timestamp(6),
        enrolled_at timestamp(6),
        progress integer,
        course_id bigint,
        user_id bigint,
        primary key (rev, id)
    )
2026-04-05 17:10:03 - 
    create table revinfo (
        rev integer generated by default as identity,
        revtstmp bigint,
        primary key (rev)
    )
Hibernate: 
    create table revinfo (
        rev integer generated by default as identity,
        revtstmp bigint,
        primary key (rev)
    )
2026-04-05 17:10:03 - 
    create table roles (
        id bigint generated by default as identity,
        name varchar(20) not null check (name in ('ROLE_STUDENT','ROLE_INSTRUCTOR','ROLE_ADMIN')),
        primary key (id)
    )
Hibernate: 
    create table roles (
        id bigint generated by default as identity,
        name varchar(20) not null check (name in ('ROLE_STUDENT','ROLE_INSTRUCTOR','ROLE_ADMIN')),
        primary key (id)
    )
2026-04-05 17:10:03 - 
    create table roles_aud (
        id bigint not null,
        rev integer not null,
        revtype tinyint,
        name varchar(20) check (name in ('ROLE_STUDENT','ROLE_INSTRUCTOR','ROLE_ADMIN')),
        primary key (rev, id)
    )
Hibernate: 
    create table roles_aud (
        id bigint not null,
        rev integer not null,
        revtype tinyint,
        name varchar(20) check (name in ('ROLE_STUDENT','ROLE_INSTRUCTOR','ROLE_ADMIN')),
        primary key (rev, id)
    )
2026-04-05 17:10:03 - 
    create table user_role_names (
        user_id bigint not null,
        role_name varchar(255) check (role_name in ('ROLE_STUDENT','ROLE_INSTRUCTOR','ROLE_ADMIN'))
    )
Hibernate: 
    create table user_role_names (
        user_id bigint not null,
        role_name varchar(255) check (role_name in ('ROLE_STUDENT','ROLE_INSTRUCTOR','ROLE_ADMIN'))
    )
2026-04-05 17:10:03 - 
    create table user_role_names_aud (
        rev integer not null,
        user_id bigint not null,
        role_name varchar(255) not null check (role_name in ('ROLE_STUDENT','ROLE_INSTRUCTOR','ROLE_ADMIN')),
        revtype tinyint,
        primary key (rev, user_id, role_name)
    )
Hibernate: 
    create table user_role_names_aud (
        rev integer not null,
        user_id bigint not null,
        role_name varchar(255) not null check (role_name in ('ROLE_STUDENT','ROLE_INSTRUCTOR','ROLE_ADMIN')),
        revtype tinyint,
        primary key (rev, user_id, role_name)
    )
2026-04-05 17:10:03 - 
    create table user_roles (
        user_id bigint not null,
        role_id bigint not null,
        primary key (user_id, role_id)
    )
Hibernate: 
    create table user_roles (
        user_id bigint not null,
        role_id bigint not null,
        primary key (user_id, role_id)
    )
2026-04-05 17:10:03 - 
    create table user_roles_aud (
        rev integer not null,
        user_id bigint not null,
        role_id bigint not null,
        revtype tinyint,
        primary key (rev, user_id, role_id)
    )
Hibernate: 
    create table user_roles_aud (
        rev integer not null,
        user_id bigint not null,
        role_id bigint not null,
        revtype tinyint,
        primary key (rev, user_id, role_id)
    )
2026-04-05 17:10:03 - 
    create table users (
        id bigint generated by default as identity,
        created_at timestamp(6) not null,
        deleted boolean not null,
        email varchar(100) not null,
        enabled boolean not null,
        oauth_id varchar(255),
        oauth_provider varchar(255),
        password varchar(255) not null,
        roles_csv varchar(255),
        updated_at timestamp(6),
        username varchar(50) not null,
        primary key (id)
    )
Hibernate: 
    create table users (
        id bigint generated by default as identity,
        created_at timestamp(6) not null,
        deleted boolean not null,
        email varchar(100) not null,
        enabled boolean not null,
        oauth_id varchar(255),
        oauth_provider varchar(255),
        password varchar(255) not null,
        roles_csv varchar(255),
        updated_at timestamp(6),
        username varchar(50) not null,
        primary key (id)
    )
2026-04-05 17:10:03 - 
    create table users_aud (
        id bigint not null,
        rev integer not null,
        revtype tinyint,
        created_at timestamp(6),
        deleted boolean,
        email varchar(100),
        enabled boolean,
        oauth_id varchar(255),
        oauth_provider varchar(255),
        password varchar(255),
        roles_csv varchar(255),
        updated_at timestamp(6),
        username varchar(50),
        primary key (rev, id)
    )
Hibernate: 
    create table users_aud (
        id bigint not null,
        rev integer not null,
        revtype tinyint,
        created_at timestamp(6),
        deleted boolean,
        email varchar(100),
        enabled boolean,
        oauth_id varchar(255),
        oauth_provider varchar(255),
        password varchar(255),
        roles_csv varchar(255),
        updated_at timestamp(6),
        username varchar(50),
        primary key (rev, id)
    )
2026-04-05 17:10:03 - 
    alter table if exists roles 
       drop constraint if exists UK_ofx66keruapi6vyqpv6f2or37
Hibernate: 
    alter table if exists roles 
       drop constraint if exists UK_ofx66keruapi6vyqpv6f2or37
2026-04-05 17:10:03 - 
    alter table if exists roles 
       add constraint UK_ofx66keruapi6vyqpv6f2or37 unique (name)
Hibernate: 
    alter table if exists roles 
       add constraint UK_ofx66keruapi6vyqpv6f2or37 unique (name)
2026-04-05 17:10:03 - 
    alter table if exists users 
       drop constraint if exists UK_6dotkott2kjsp8vw4d0m25fb7
Hibernate: 
    alter table if exists users 
       drop constraint if exists UK_6dotkott2kjsp8vw4d0m25fb7
2026-04-05 17:10:03 - 
    alter table if exists users 
       add constraint UK_6dotkott2kjsp8vw4d0m25fb7 unique (email)
Hibernate: 
    alter table if exists users 
       add constraint UK_6dotkott2kjsp8vw4d0m25fb7 unique (email)
2026-04-05 17:10:03 - 
    alter table if exists users 
       drop constraint if exists UK_r43af9ap4edm43mmtq01oddj6
Hibernate: 
    alter table if exists users 
       drop constraint if exists UK_r43af9ap4edm43mmtq01oddj6
2026-04-05 17:10:03 - 
    alter table if exists users 
       add constraint UK_r43af9ap4edm43mmtq01oddj6 unique (username)
Hibernate: 
    alter table if exists users 
       add constraint UK_r43af9ap4edm43mmtq01oddj6 unique (username)
2026-04-05 17:10:03 - 
    alter table if exists course_modules 
       add constraint FKtn63pa8l33002k4xuwkcuefll 
       foreign key (course_id) 
       references courses
Hibernate: 
    alter table if exists course_modules 
       add constraint FKtn63pa8l33002k4xuwkcuefll 
       foreign key (course_id) 
       references courses
2026-04-05 17:10:03 - 
    alter table if exists course_modules_aud 
       add constraint FKjqmeynleqjgvb7n6mome93k1y 
       foreign key (rev) 
       references revinfo
Hibernate: 
    alter table if exists course_modules_aud 
       add constraint FKjqmeynleqjgvb7n6mome93k1y 
       foreign key (rev) 
       references revinfo
2026-04-05 17:10:03 - 
    alter table if exists courses_aud 
       add constraint FKdn24rhy01k8t0rf868n9xuhos 
       foreign key (rev) 
       references revinfo
Hibernate: 
    alter table if exists courses_aud 
       add constraint FKdn24rhy01k8t0rf868n9xuhos 
       foreign key (rev) 
       references revinfo
2026-04-05 17:10:03 - 
    alter table if exists enrollments 
       add constraint FKho8mcicp4196ebpltdn9wl6co 
       foreign key (course_id) 
       references courses
Hibernate: 
    alter table if exists enrollments 
       add constraint FKho8mcicp4196ebpltdn9wl6co 
       foreign key (course_id) 
       references courses
2026-04-05 17:10:03 - 
    alter table if exists enrollments 
       add constraint FK3hjx6rcnbmfw368sxigrpfpx0 
       foreign key (user_id) 
       references users
Hibernate: 
    alter table if exists enrollments 
       add constraint FK3hjx6rcnbmfw368sxigrpfpx0 
       foreign key (user_id) 
       references users
2026-04-05 17:10:03 - 
    alter table if exists enrollments_aud 
       add constraint FKpqbydi39xlm48xnn94pk63dd 
       foreign key (rev) 
       references revinfo
Hibernate: 
    alter table if exists enrollments_aud 
       add constraint FKpqbydi39xlm48xnn94pk63dd 
       foreign key (rev) 
       references revinfo
2026-04-05 17:10:03 - 
    alter table if exists roles_aud 
       add constraint FKt0mnl3rej2p0h9gxnbalf2kdd 
       foreign key (rev) 
       references revinfo
Hibernate: 
    alter table if exists roles_aud 
       add constraint FKt0mnl3rej2p0h9gxnbalf2kdd 
       foreign key (rev) 
       references revinfo
2026-04-05 17:10:03 - 
    alter table if exists user_role_names 
       add constraint FKa4rubv0jl5fbky4v9frmviac4 
       foreign key (user_id) 
       references users
Hibernate: 
    alter table if exists user_role_names 
       add constraint FKa4rubv0jl5fbky4v9frmviac4 
       foreign key (user_id) 
       references users
2026-04-05 17:10:03 - 
    alter table if exists user_role_names_aud 
       add constraint FKkb10cmv6nhitds65p9ypbsamg 
       foreign key (rev) 
       references revinfo
Hibernate: 
    alter table if exists user_role_names_aud 
       add constraint FKkb10cmv6nhitds65p9ypbsamg 
       foreign key (rev) 
       references revinfo
2026-04-05 17:10:03 - 
    alter table if exists user_roles 
       add constraint FKh8ciramu9cc9q3qcqiv4ue8a6 
       foreign key (role_id) 
       references roles
Hibernate: 
    alter table if exists user_roles 
       add constraint FKh8ciramu9cc9q3qcqiv4ue8a6 
       foreign key (role_id) 
       references roles
2026-04-05 17:10:03 - 
    alter table if exists user_roles 
       add constraint FKhfh9dx7w3ubf1co1vdev94g3f 
       foreign key (user_id) 
       references users
Hibernate: 
    alter table if exists user_roles 
       add constraint FKhfh9dx7w3ubf1co1vdev94g3f 
       foreign key (user_id) 
       references users
2026-04-05 17:10:03 - 
    alter table if exists user_roles_aud 
       add constraint FKox6xyy64fyq0y3dvv5ve53a0h 
       foreign key (rev) 
       references revinfo
Hibernate: 
    alter table if exists user_roles_aud 
       add constraint FKox6xyy64fyq0y3dvv5ve53a0h 
       foreign key (rev) 
       references revinfo
2026-04-05 17:10:03 - 
    alter table if exists users_aud 
       add constraint FKc4vk4tui2la36415jpgm9leoq 
       foreign key (rev) 
       references revinfo
Hibernate: 
    alter table if exists users_aud 
       add constraint FKc4vk4tui2la36415jpgm9leoq 
       foreign key (rev) 
       references revinfo
2026-04-05 17:10:03 - Initialized JPA EntityManagerFactory for persistence unit 'default'
2026-04-05 17:10:03 - Bean 'entityManagerFactory' of type [org.springframework.orm.jpa.LocalContainerEntityManagerFactoryBean] is not eligible for getting processed by all BeanPostProcessors (for example: not eligible for auto-proxying). Is this bean getting eagerly injected into a currently created BeanPostProcessor [jobRegistryBeanPostProcessor]? Check the corresponding BeanPostProcessor declaration and its dependencies.
2026-04-05 17:10:03 - Bean 'entityManagerFactory' of type [jdk.proxy2.$Proxy177] is not eligible for getting processed by all BeanPostProcessors (for example: not eligible for auto-proxying). Is this bean getting eagerly injected into a currently created BeanPostProcessor [jobRegistryBeanPostProcessor]? Check the corresponding BeanPostProcessor declaration and its dependencies.
2026-04-05 17:10:03 - Bean 'transactionManager' of type [org.springframework.orm.jpa.JpaTransactionManager] is not eligible for getting processed by all BeanPostProcessors (for example: not eligible for auto-proxying). Is this bean getting eagerly injected into a currently created BeanPostProcessor [jobRegistryBeanPostProcessor]? Check the corresponding BeanPostProcessor declaration and its dependencies.
2026-04-05 17:10:03 - Bean 'org.springframework.boot.autoconfigure.batch.BatchAutoConfiguration$SpringBootBatchConfiguration' of type [org.springframework.boot.autoconfigure.batch.BatchAutoConfiguration$SpringBootBatchConfiguration] is not eligible for getting processed by all BeanPostProcessors (for example: not eligible for auto-proxying). The currently created BeanPostProcessor [jobRegistryBeanPostProcessor] is declared through a non-static factory method on that class; consider declaring it as static instead.
2026-04-05 17:10:04 - Tomcat initialized with port 8080 (http)
2026-04-05 17:10:04 - Starting service [Tomcat]
2026-04-05 17:10:04 - Starting Servlet engine: [Apache Tomcat/10.1.18]
2026-04-05 17:10:04 - Initializing Spring embedded WebApplicationContext
2026-04-05 17:10:04 - Root WebApplicationContext: initialization completed in 14062 ms
2026-04-05 17:10:06 - Hibernate is in classpath; If applicable, HQL parser will be used.
2026-04-05 17:10:07 - Filter 'jwtAuthenticationFilter' configured for use
2026-04-05 17:10:07 - Filter 'webMvcObservationFilter' configured for use
2026-04-05 17:10:08 - Configured CourseImportReader for file: /Users/aparnapawar/IdeaProjects/SkillTrack/data/import/courses.csv
2026-04-05 17:10:08 - Configured JpaItemWriter for Course entities
2026-04-05 17:10:09 - Using default implementation for ThreadExecutor
2026-04-05 17:10:09 - Initialized Scheduler Signaller of type: class org.quartz.core.SchedulerSignalerImpl
2026-04-05 17:10:09 - Quartz Scheduler v.2.3.2 created.
2026-04-05 17:10:09 - Using db table-based data access locking (synchronization).
2026-04-05 17:10:09 - JobStoreCMT initialized.
2026-04-05 17:10:09 - Scheduler meta-data: Quartz Scheduler (v2.3.2) 'SkillTrackScheduler' with instanceId 'NON_CLUSTERED'
  Scheduler class: 'org.quartz.core.QuartzScheduler' - running locally.
  NOT STARTED.
  Currently in standby mode.
  Number of jobs executed: 0
  Using thread pool 'org.quartz.simpl.SimpleThreadPool' - with 10 threads.
  Using job-store 'org.springframework.scheduling.quartz.LocalDataSourceJobStore' - which supports persistence. and is not clustered.

2026-04-05 17:10:09 - Quartz scheduler 'SkillTrackScheduler' initialized from an externally provided properties instance.
2026-04-05 17:10:09 - Quartz scheduler version: 2.3.2
2026-04-05 17:10:09 - JobFactory set to: org.springframework.scheduling.quartz.SpringBeanJobFactory@2447d039
2026-04-05 17:10:09 - Unable to proxy interface-implementing method [public final void org.springframework.scheduling.quartz.QuartzJobBean.execute(org.quartz.JobExecutionContext) throws org.quartz.JobExecutionException] because it is marked as final, consider using interface-based JDK proxies instead.
2026-04-05 17:10:10 - setHierarchy() - The following role hierarchy was set: ROLE_ADMIN > ROLE_INSTRUCTOR 
 ROLE_INSTRUCTOR > ROLE_STUDENT
2026-04-05 17:10:10 - buildRolesReachableInOneStepMap() - From role ROLE_ADMIN one can reach role ROLE_INSTRUCTOR in one step.
2026-04-05 17:10:10 - buildRolesReachableInOneStepMap() - From role ROLE_INSTRUCTOR one can reach role ROLE_STUDENT in one step.
2026-04-05 17:10:10 - buildRolesReachableInOneOrMoreStepsMap() - From role ROLE_INSTRUCTOR one can reach [ROLE_STUDENT] in one or more steps.
2026-04-05 17:10:10 - buildRolesReachableInOneOrMoreStepsMap() - From role ROLE_ADMIN one can reach [ROLE_STUDENT, ROLE_INSTRUCTOR] in one or more steps.
2026-04-05 17:10:10 - 32 mappings in 'requestMappingHandlerMapping'
2026-04-05 17:10:11 - Patterns [/webjars/**, /**, /swagger-ui*/*swagger-initializer.js, /swagger-ui*/**] in 'resourceHandlerMapping'
2026-04-05 17:10:11 - Exposing 5 endpoint(s) beneath base path '/actuator'
2026-04-05 17:10:12 - Will secure any request with [org.springframework.security.web.session.DisableEncodeUrlFilter@435df9a1, org.springframework.security.web.context.request.async.WebAsyncManagerIntegrationFilter@57e940ed, org.springframework.security.web.context.SecurityContextHolderFilter@615dbdd0, org.springframework.security.web.header.HeaderWriterFilter@5803dcf0, org.springframework.security.web.authentication.logout.LogoutFilter@45dbf4f6, org.springframework.security.oauth2.client.web.OAuth2AuthorizationRequestRedirectFilter@5f9ef11f, org.springframework.security.oauth2.client.web.OAuth2LoginAuthenticationFilter@648b4b14, com.example.skilltrack.security.JwtAuthenticationFilter@4c9bf90b, org.springframework.security.web.savedrequest.RequestCacheAwareFilter@4ba6b5eb, org.springframework.security.web.servletapi.SecurityContextHolderAwareRequestFilter@3752cff3, org.springframework.security.web.authentication.AnonymousAuthenticationFilter@14796b9e, org.springframework.security.web.session.SessionManagementFilter@57d1cbb1, org.springframework.security.web.access.ExceptionTranslationFilter@1f5359a8, org.springframework.security.web.access.intercept.AuthorizationFilter@2b728f15]
2026-04-05 17:10:12 - ControllerAdvice beans: 0 @ModelAttribute, 0 @InitBinder, 1 RequestBodyAdvice, 1 ResponseBodyAdvice
2026-04-05 17:10:12 - ControllerAdvice beans: 2 @ExceptionHandler, 1 ResponseBodyAdvice
2026-04-05 17:10:15 - Tomcat started on port 8080 (http) with context path ''
2026-04-05 17:10:15 - Starting Quartz Scheduler now
2026-04-05 17:10:15 - Freed 0 triggers from 'acquired' / 'blocked' state.
2026-04-05 17:10:15 - Recovering 0 jobs that were in-progress at the time of the last shut-down.
2026-04-05 17:10:15 - Recovery complete.
2026-04-05 17:10:15 - Removed 0 'complete' triggers.
2026-04-05 17:10:15 - Removed 0 stale fired job entries.
2026-04-05 17:10:15 - Scheduler SkillTrackScheduler_$_NON_CLUSTERED started.
2026-04-05 17:10:15 - Started SkillTrackApplication in 26.261 seconds (process running for 27.386)
2026-04-05 17:10:15 - Checking for administrative user...
2026-04-05 17:10:15 - 
    /* <criteria> */ select
        u1_0.id,
        u1_0.created_at,
        u1_0.deleted,
        u1_0.email,
        u1_0.enabled,
        u1_0.oauth_id,
        u1_0.oauth_provider,
        u1_0.password,
        u1_0.roles_csv,
        u1_0.updated_at,
        u1_0.username 
    from
        users u1_0
Hibernate: 
    /* <criteria> */ select
        u1_0.id,
        u1_0.created_at,
        u1_0.deleted,
        u1_0.email,
        u1_0.enabled,
        u1_0.oauth_id,
        u1_0.oauth_provider,
        u1_0.password,
        u1_0.roles_csv,
        u1_0.updated_at,
        u1_0.username 
    from
        users u1_0
2026-04-05 17:10:15 - 
    /* <criteria> */ select
        u1_0.id 
    from
        users u1_0 
    where
        u1_0.username=? 
    fetch
        first ? rows only
Hibernate: 
    /* <criteria> */ select
        u1_0.id 
    from
        users u1_0 
    where
        u1_0.username=? 
    fetch
        first ? rows only
2026-04-05 17:10:15 - 
    /* <criteria> */ select
        r1_0.id,
        r1_0.name 
    from
        roles r1_0 
    where
        r1_0.name=?
Hibernate: 
    /* <criteria> */ select
        r1_0.id,
        r1_0.name 
    from
        roles r1_0 
    where
        r1_0.name=?
2026-04-05 17:10:15 - 
    /* insert for
        com.example.skilltrack.entity.Role */insert 
    into
        roles (name, id) 
    values
        (?, default)
Hibernate: 
    /* insert for
        com.example.skilltrack.entity.Role */insert 
    into
        roles (name, id) 
    values
        (?, default)
2026-04-05 17:10:15 - 
    /* <criteria> */ select
        r1_0.id,
        r1_0.name 
    from
        roles r1_0 
    where
        r1_0.name=?
Hibernate: 
    /* <criteria> */ select
        r1_0.id,
        r1_0.name 
    from
        roles r1_0 
    where
        r1_0.name=?
2026-04-05 17:10:15 - 
    /* insert for
        com.example.skilltrack.entity.Role */insert 
    into
        roles (name, id) 
    values
        (?, default)
Hibernate: 
    /* insert for
        com.example.skilltrack.entity.Role */insert 
    into
        roles (name, id) 
    values
        (?, default)
2026-04-05 17:10:15 - 
    /* <criteria> */ select
        r1_0.id,
        r1_0.name 
    from
        roles r1_0 
    where
        r1_0.name=?
Hibernate: 
    /* <criteria> */ select
        r1_0.id,
        r1_0.name 
    from
        roles r1_0 
    where
        r1_0.name=?
2026-04-05 17:10:15 - 
    /* insert for
        com.example.skilltrack.entity.Role */insert 
    into
        roles (name, id) 
    values
        (?, default)
Hibernate: 
    /* insert for
        com.example.skilltrack.entity.Role */insert 
    into
        roles (name, id) 
    values
        (?, default)
2026-04-05 17:10:15 - 
    /* <criteria> */ select
        u1_0.id,
        u1_0.created_at,
        u1_0.deleted,
        u1_0.email,
        u1_0.enabled,
        u1_0.oauth_id,
        u1_0.oauth_provider,
        u1_0.password,
        u1_0.roles_csv,
        u1_0.updated_at,
        u1_0.username 
    from
        users u1_0 
    where
        u1_0.username=?
Hibernate: 
    /* <criteria> */ select
        u1_0.id,
        u1_0.created_at,
        u1_0.deleted,
        u1_0.email,
        u1_0.enabled,
        u1_0.oauth_id,
        u1_0.oauth_provider,
        u1_0.password,
        u1_0.roles_csv,
        u1_0.updated_at,
        u1_0.username 
    from
        users u1_0 
    where
        u1_0.username=?
2026-04-05 17:10:16 - 
    /* insert for
        com.example.skilltrack.entity.User */insert 
    into
        users (created_at, deleted, email, enabled, oauth_id, oauth_provider, password, roles_csv, updated_at, username, id) 
    values
        (?, ?, ?, ?, ?, ?, ?, ?, ?, ?, default)
Hibernate: 
    /* insert for
        com.example.skilltrack.entity.User */insert 
    into
        users (created_at, deleted, email, enabled, oauth_id, oauth_provider, password, roles_csv, updated_at, username, id) 
    values
        (?, ?, ?, ?, ?, ?, ?, ?, ?, ?, default)
2026-04-05 17:10:16 - ADMIN user synchronized successfully: admin
2026-04-05 17:10:16 - 
    /* insert for
        com.example.skilltrack.entity.User.roleNames */insert 
    into
        user_role_names (user_id, role_name) 
    values
        (?, ?)
Hibernate: 
    /* insert for
        com.example.skilltrack.entity.User.roleNames */insert 
    into
        user_role_names (user_id, role_name) 
    values
        (?, ?)
2026-04-05 17:10:16 - 
    /* insert for
        com.example.skilltrack.entity.User.roleNames */insert 
    into
        user_role_names (user_id, role_name) 
    values
        (?, ?)
Hibernate: 
    /* insert for
        com.example.skilltrack.entity.User.roleNames */insert 
    into
        user_role_names (user_id, role_name) 
    values
        (?, ?)
2026-04-05 17:10:16 - 
    /* insert for
        com.example.skilltrack.entity.User.roleNames */insert 
    into
        user_role_names (user_id, role_name) 
    values
        (?, ?)
Hibernate: 
    /* insert for
        com.example.skilltrack.entity.User.roleNames */insert 
    into
        user_role_names (user_id, role_name) 
    values
        (?, ?)
2026-04-05 17:10:16 - 
    /* insert for
        com.example.skilltrack.entity.User.roles */insert 
    into
        user_roles (user_id, role_id) 
    values
        (?, ?)
Hibernate: 
    /* insert for
        com.example.skilltrack.entity.User.roles */insert 
    into
        user_roles (user_id, role_id) 
    values
        (?, ?)
2026-04-05 17:10:16 - 
    /* insert for
        com.example.skilltrack.entity.User.roles */insert 
    into
        user_roles (user_id, role_id) 
    values
        (?, ?)
Hibernate: 
    /* insert for
        com.example.skilltrack.entity.User.roles */insert 
    into
        user_roles (user_id, role_id) 
    values
        (?, ?)
2026-04-05 17:10:16 - 
    /* insert for
        com.example.skilltrack.entity.User.roles */insert 
    into
        user_roles (user_id, role_id) 
    values
        (?, ?)
Hibernate: 
    /* insert for
        com.example.skilltrack.entity.User.roles */insert 
    into
        user_roles (user_id, role_id) 
    values
        (?, ?)
2026-04-05 17:10:16 - 
    /* insert for
        org.hibernate.envers.DefaultRevisionEntity */insert 
    into
        revinfo (revtstmp, rev) 
    values
        (?, default)
Hibernate: 
    /* insert for
        org.hibernate.envers.DefaultRevisionEntity */insert 
    into
        revinfo (revtstmp, rev) 
    values
        (?, default)
2026-04-05 17:10:16 - 
    /* insert for
        com.example.skilltrack.entity.Role_AUD */insert 
    into
        roles_aud (revtype, name, rev, id) 
    values
        (?, ?, ?, ?)
Hibernate: 
    /* insert for
        com.example.skilltrack.entity.Role_AUD */insert 
    into
        roles_aud (revtype, name, rev, id) 
    values
        (?, ?, ?, ?)
2026-04-05 17:10:16 - 
    /* insert for
        com.example.skilltrack.entity.Role_AUD */insert 
    into
        roles_aud (revtype, name, rev, id) 
    values
        (?, ?, ?, ?)
Hibernate: 
    /* insert for
        com.example.skilltrack.entity.Role_AUD */insert 
    into
        roles_aud (revtype, name, rev, id) 
    values
        (?, ?, ?, ?)
2026-04-05 17:10:16 - 
    /* insert for
        com.example.skilltrack.entity.Role_AUD */insert 
    into
        roles_aud (revtype, name, rev, id) 
    values
        (?, ?, ?, ?)
Hibernate: 
    /* insert for
        com.example.skilltrack.entity.Role_AUD */insert 
    into
        roles_aud (revtype, name, rev, id) 
    values
        (?, ?, ?, ?)
2026-04-05 17:10:16 - 
    /* insert for
        com.example.skilltrack.entity.User_AUD */insert 
    into
        users_aud (revtype, created_at, deleted, email, enabled, oauth_id, oauth_provider, password, roles_csv, updated_at, username, rev, id) 
    values
        (?, ?, ?, ?, ?, ?, ?, ?, ?, ?, ?, ?, ?)
Hibernate: 
    /* insert for
        com.example.skilltrack.entity.User_AUD */insert 
    into
        users_aud (revtype, created_at, deleted, email, enabled, oauth_id, oauth_provider, password, roles_csv, updated_at, username, rev, id) 
    values
        (?, ?, ?, ?, ?, ?, ?, ?, ?, ?, ?, ?, ?)
2026-04-05 17:10:16 - 
    /* insert for
        user_role_names_AUD */insert 
    into
        user_role_names_aud (revtype, rev, user_id, role_name) 
    values
        (?, ?, ?, ?)
Hibernate: 
    /* insert for
        user_role_names_AUD */insert 
    into
        user_role_names_aud (revtype, rev, user_id, role_name) 
    values
        (?, ?, ?, ?)
2026-04-05 17:10:16 - 
    /* insert for
        user_role_names_AUD */insert 
    into
        user_role_names_aud (revtype, rev, user_id, role_name) 
    values
        (?, ?, ?, ?)
Hibernate: 
    /* insert for
        user_role_names_AUD */insert 
    into
        user_role_names_aud (revtype, rev, user_id, role_name) 
    values
        (?, ?, ?, ?)
2026-04-05 17:10:16 - 
    /* insert for
        user_role_names_AUD */insert 
    into
        user_role_names_aud (revtype, rev, user_id, role_name) 
    values
        (?, ?, ?, ?)
Hibernate: 
    /* insert for
        user_role_names_AUD */insert 
    into
        user_role_names_aud (revtype, rev, user_id, role_name) 
    values
        (?, ?, ?, ?)
2026-04-05 17:10:16 - 
    /* insert for
        user_roles_AUD */insert 
    into
        user_roles_aud (revtype, rev, user_id, role_id) 
    values
        (?, ?, ?, ?)
Hibernate: 
    /* insert for
        user_roles_AUD */insert 
    into
        user_roles_aud (revtype, rev, user_id, role_id) 
    values
        (?, ?, ?, ?)
2026-04-05 17:10:16 - 
    /* insert for
        user_roles_AUD */insert 
    into
        user_roles_aud (revtype, rev, user_id, role_id) 
    values
        (?, ?, ?, ?)
Hibernate: 
    /* insert for
        user_roles_AUD */insert 
    into
        user_roles_aud (revtype, rev, user_id, role_id) 
    values
        (?, ?, ?, ?)
2026-04-05 17:10:16 - 
    /* insert for
        user_roles_AUD */insert 
    into
        user_roles_aud (revtype, rev, user_id, role_id) 
    values
        (?, ?, ?, ?)
Hibernate: 
    /* insert for
        user_roles_AUD */insert 
    into
        user_roles_aud (revtype, rev, user_id, role_id) 
    values
        (?, ?, ?, ?)
2026-04-05 17:10:16 - 
    /* <criteria> */ select
        r1_0.id,
        r1_0.name 
    from
        roles r1_0 
    where
        r1_0.name=?
Hibernate: 
    /* <criteria> */ select
        r1_0.id,
        r1_0.name 
    from
        roles r1_0 
    where
        r1_0.name=?
2026-04-05 17:10:16 - 
    /* <criteria> */ select
        r1_0.id,
        r1_0.name 
    from
        roles r1_0 
    where
        r1_0.name=?
Hibernate: 
    /* <criteria> */ select
        r1_0.id,
        r1_0.name 
    from
        roles r1_0 
    where
        r1_0.name=?
2026-04-05 17:10:16 - 
    /* <criteria> */ select
        r1_0.id,
        r1_0.name 
    from
        roles r1_0 
    where
        r1_0.name=?
Hibernate: 
    /* <criteria> */ select
        r1_0.id,
        r1_0.name 
    from
        roles r1_0 
    where
        r1_0.name=?
2026-04-05 17:10:28 - Initializing Spring DispatcherServlet 'dispatcherServlet'
2026-04-05 17:10:28 - Initializing Servlet 'dispatcherServlet'
2026-04-05 17:10:28 - Detected StandardServletMultipartResolver
2026-04-05 17:10:28 - Detected AcceptHeaderLocaleResolver
2026-04-05 17:10:28 - Detected FixedThemeResolver
2026-04-05 17:10:28 - Detected org.springframework.web.servlet.view.DefaultRequestToViewNameTranslator@1fc52b51
2026-04-05 17:10:28 - Detected org.springframework.web.servlet.support.SessionFlashMapManager@17dee9f9
2026-04-05 17:10:28 - enableLoggingRequestDetails='false': request parameters and headers will be masked to prevent unsafe logging of potentially sensitive data
2026-04-05 17:10:28 - Completed initialization in 9 ms
2026-04-05 17:10:28 - Securing POST /api/auth/login
2026-04-05 17:10:28 - No JWT found in request
2026-04-05 17:10:28 - Set SecurityContextHolder to anonymous SecurityContext
2026-04-05 17:10:28 - Secured POST /api/auth/login
2026-04-05 17:10:28 - POST "/api/auth/login", parameters={}
2026-04-05 17:10:28 - Mapped to com.example.skilltrack.controller.AuthController#loginUser(LoginRequestDto)
2026-04-05 17:10:29 - Read "application/json;charset=UTF-8" to [LoginRequestDto(emailOrUsername=admin, password=admin123)]
2026-04-05 17:10:29 - 
    /* SELECT
        u 
    FROM
        User u 
    WHERE
        u.email = :email 
        AND u.deleted = false */ select
            u1_0.id,
            u1_0.created_at,
            u1_0.deleted,
            u1_0.email,
            u1_0.enabled,
            u1_0.oauth_id,
            u1_0.oauth_provider,
            u1_0.password,
            u1_0.roles_csv,
            u1_0.updated_at,
            u1_0.username 
        from
            users u1_0 
        where
            u1_0.email=? 
            and u1_0.deleted=false
Hibernate: 
    /* SELECT
        u 
    FROM
        User u 
    WHERE
        u.email = :email 
        AND u.deleted = false */ select
            u1_0.id,
            u1_0.created_at,
            u1_0.deleted,
            u1_0.email,
            u1_0.enabled,
            u1_0.oauth_id,
            u1_0.oauth_provider,
            u1_0.password,
            u1_0.roles_csv,
            u1_0.updated_at,
            u1_0.username 
        from
            users u1_0 
        where
            u1_0.email=? 
            and u1_0.deleted=false
2026-04-05 17:10:29 - 
    /* SELECT
        u 
    FROM
        User u 
    WHERE
        u.username = :username 
        AND u.deleted = false */ select
            u1_0.id,
            u1_0.created_at,
            u1_0.deleted,
            u1_0.email,
            u1_0.enabled,
            u1_0.oauth_id,
            u1_0.oauth_provider,
            u1_0.password,
            u1_0.roles_csv,
            u1_0.updated_at,
            u1_0.username 
        from
            users u1_0 
        where
            u1_0.username=? 
            and u1_0.deleted=false
Hibernate: 
    /* SELECT
        u 
    FROM
        User u 
    WHERE
        u.username = :username 
        AND u.deleted = false */ select
            u1_0.id,
            u1_0.created_at,
            u1_0.deleted,
            u1_0.email,
            u1_0.enabled,
            u1_0.oauth_id,
            u1_0.oauth_provider,
            u1_0.password,
            u1_0.roles_csv,
            u1_0.updated_at,
            u1_0.username 
        from
            users u1_0 
        where
            u1_0.username=? 
            and u1_0.deleted=false
2026-04-05 17:10:29 - 
    select
        r1_0.user_id,
        r1_1.id,
        r1_1.name 
    from
        user_roles r1_0 
    join
        roles r1_1 
            on r1_1.id=r1_0.role_id 
    where
        r1_0.user_id=?
Hibernate: 
    select
        r1_0.user_id,
        r1_1.id,
        r1_1.name 
    from
        user_roles r1_0 
    join
        roles r1_1 
            on r1_1.id=r1_0.role_id 
    where
        r1_0.user_id=?
2026-04-05 17:10:29 - 
    select
        rn1_0.user_id,
        rn1_0.role_name 
    from
        user_role_names rn1_0 
    where
        rn1_0.user_id=?
Hibernate: 
    select
        rn1_0.user_id,
        rn1_0.role_name 
    from
        user_role_names rn1_0 
    where
        rn1_0.user_id=?
2026-04-05 17:10:29 - Authenticated user
2026-04-05 17:10:29 - 
    /* SELECT
        u 
    FROM
        User u 
    WHERE
        u.email = :email 
        AND u.deleted = false */ select
            u1_0.id,
            u1_0.created_at,
            u1_0.deleted,
            u1_0.email,
            u1_0.enabled,
            u1_0.oauth_id,
            u1_0.oauth_provider,
            u1_0.password,
            u1_0.roles_csv,
            u1_0.updated_at,
            u1_0.username 
        from
            users u1_0 
        where
            u1_0.email=? 
            and u1_0.deleted=false
Hibernate: 
    /* SELECT
        u 
    FROM
        User u 
    WHERE
        u.email = :email 
        AND u.deleted = false */ select
            u1_0.id,
            u1_0.created_at,
            u1_0.deleted,
            u1_0.email,
            u1_0.enabled,
            u1_0.oauth_id,
            u1_0.oauth_provider,
            u1_0.password,
            u1_0.roles_csv,
            u1_0.updated_at,
            u1_0.username 
        from
            users u1_0 
        where
            u1_0.email=? 
            and u1_0.deleted=false
2026-04-05 17:10:29 - 
    /* SELECT
        u 
    FROM
        User u 
    WHERE
        u.username = :username 
        AND u.deleted = false */ select
            u1_0.id,
            u1_0.created_at,
            u1_0.deleted,
            u1_0.email,
            u1_0.enabled,
            u1_0.oauth_id,
            u1_0.oauth_provider,
            u1_0.password,
            u1_0.roles_csv,
            u1_0.updated_at,
            u1_0.username 
        from
            users u1_0 
        where
            u1_0.username=? 
            and u1_0.deleted=false
Hibernate: 
    /* SELECT
        u 
    FROM
        User u 
    WHERE
        u.username = :username 
        AND u.deleted = false */ select
            u1_0.id,
            u1_0.created_at,
            u1_0.deleted,
            u1_0.email,
            u1_0.enabled,
            u1_0.oauth_id,
            u1_0.oauth_provider,
            u1_0.password,
            u1_0.roles_csv,
            u1_0.updated_at,
            u1_0.username 
        from
            users u1_0 
        where
            u1_0.username=? 
            and u1_0.deleted=false
2026-04-05 17:10:29 - Using 'application/json', given [*/*] and supported [application/json, application/*+json]
2026-04-05 17:10:29 - Writing [JwtResponseDto(token=eyJhbGciOiJIUzUxMiJ9.eyJzdWIiOiJhZG1pbiIsInJvbGVzIjoiUk9MRV9BRE1JTixST0xFX0lOU1 (truncated)...]
2026-04-05 17:10:29 - Completed 200 OK
2026-04-05 17:10:39 - Securing GET /api/courses
2026-04-05 17:10:39 - Found JWT in Authorization header
2026-04-05 17:10:39 - 
    /* SELECT
        u 
    FROM
        User u 
    WHERE
        u.email = :email 
        AND u.deleted = false */ select
            u1_0.id,
            u1_0.created_at,
            u1_0.deleted,
            u1_0.email,
            u1_0.enabled,
            u1_0.oauth_id,
            u1_0.oauth_provider,
            u1_0.password,
            u1_0.roles_csv,
            u1_0.updated_at,
            u1_0.username 
        from
            users u1_0 
        where
            u1_0.email=? 
            and u1_0.deleted=false
Hibernate: 
    /* SELECT
        u 
    FROM
        User u 
    WHERE
        u.email = :email 
        AND u.deleted = false */ select
            u1_0.id,
            u1_0.created_at,
            u1_0.deleted,
            u1_0.email,
            u1_0.enabled,
            u1_0.oauth_id,
            u1_0.oauth_provider,
            u1_0.password,
            u1_0.roles_csv,
            u1_0.updated_at,
            u1_0.username 
        from
            users u1_0 
        where
            u1_0.email=? 
            and u1_0.deleted=false
2026-04-05 17:10:39 - 
    /* SELECT
        u 
    FROM
        User u 
    WHERE
        u.username = :username 
        AND u.deleted = false */ select
            u1_0.id,
            u1_0.created_at,
            u1_0.deleted,
            u1_0.email,
            u1_0.enabled,
            u1_0.oauth_id,
            u1_0.oauth_provider,
            u1_0.password,
            u1_0.roles_csv,
            u1_0.updated_at,
            u1_0.username 
        from
            users u1_0 
        where
            u1_0.username=? 
            and u1_0.deleted=false
Hibernate: 
    /* SELECT
        u 
    FROM
        User u 
    WHERE
        u.username = :username 
        AND u.deleted = false */ select
            u1_0.id,
            u1_0.created_at,
            u1_0.deleted,
            u1_0.email,
            u1_0.enabled,
            u1_0.oauth_id,
            u1_0.oauth_provider,
            u1_0.password,
            u1_0.roles_csv,
            u1_0.updated_at,
            u1_0.username 
        from
            users u1_0 
        where
            u1_0.username=? 
            and u1_0.deleted=false
2026-04-05 17:10:39 - 
    select
        r1_0.user_id,
        r1_1.id,
        r1_1.name 
    from
        user_roles r1_0 
    join
        roles r1_1 
            on r1_1.id=r1_0.role_id 
    where
        r1_0.user_id=?
Hibernate: 
    select
        r1_0.user_id,
        r1_1.id,
        r1_1.name 
    from
        user_roles r1_0 
    join
        roles r1_1 
            on r1_1.id=r1_0.role_id 
    where
        r1_0.user_id=?
2026-04-05 17:10:39 - 
    select
        rn1_0.user_id,
        rn1_0.role_name 
    from
        user_role_names rn1_0 
    where
        rn1_0.user_id=?
Hibernate: 
    select
        rn1_0.user_id,
        rn1_0.role_name 
    from
        user_role_names rn1_0 
    where
        rn1_0.user_id=?
2026-04-05 17:10:39 - Set authentication for user: admin
2026-04-05 17:10:39 - Secured GET /api/courses
2026-04-05 17:10:39 - GET "/api/courses", parameters={}
2026-04-05 17:10:39 - Mapped to com.example.skilltrack.controller.CourseController#getAllCourses()
2026-04-05 17:10:39 - 
    /* <criteria> */ select
        c1_0.id,
        c1_0.created_at,
        c1_0.deleted,
        c1_0.description,
        c1_0.instructor_id,
        c1_0.title,
        c1_0.updated_at 
    from
        courses c1_0 
    where
        not(c1_0.deleted)
Hibernate: 
    /* <criteria> */ select
        c1_0.id,
        c1_0.created_at,
        c1_0.deleted,
        c1_0.description,
        c1_0.instructor_id,
        c1_0.title,
        c1_0.updated_at 
    from
        courses c1_0 
    where
        not(c1_0.deleted)
2026-04-05 17:10:39 - Using 'application/json', given [*/*] and supported [application/json, application/*+json]
2026-04-05 17:10:39 - Writing [[]]
2026-04-05 17:10:39 - Completed 200 OK
2026-04-05 17:17:07 - Securing GET /swagger-ui.html
2026-04-05 17:17:07 - No JWT found in request
2026-04-05 17:17:07 - Set SecurityContextHolder to anonymous SecurityContext
2026-04-05 17:17:07 - Request requested invalid session id 487ECCB308EA55C73F645399A4E813B3
2026-04-05 17:17:07 - Secured GET /swagger-ui.html
2026-04-05 17:17:07 - GET "/swagger-ui.html", parameters={}
2026-04-05 17:17:07 - Mapped to org.springdoc.webmvc.ui.SwaggerWelcomeWebMvc#redirectToUi(HttpServletRequest)
2026-04-05 17:17:07 - Using 'application/json;q=0.8', given [text/html, application/xhtml+xml, image/avif, image/webp, image/apng, application/xml;q=0.9, */*;q=0.8, application/signed-exchange;v=b3;q=0.7] and supported [application/json, application/*+json]
2026-04-05 17:17:07 - Nothing to write: null body
2026-04-05 17:17:07 - Completed 302 FOUND
2026-04-05 17:17:08 - Securing GET /swagger-ui/index.html
2026-04-05 17:17:08 - No JWT found in request
2026-04-05 17:17:08 - Set SecurityContextHolder to anonymous SecurityContext
2026-04-05 17:17:08 - Request requested invalid session id 487ECCB308EA55C73F645399A4E813B3
2026-04-05 17:17:08 - Secured GET /swagger-ui/index.html
2026-04-05 17:17:08 - GET "/swagger-ui/index.html", parameters={}
2026-04-05 17:17:08 - Mapped to ResourceHttpRequestHandler [classpath [META-INF/resources/webjars/]]
2026-04-05 17:17:08 - Completed 200 OK
2026-04-05 17:17:08 - Securing GET /swagger-ui/swagger-ui.css
2026-04-05 17:17:08 - No JWT found in request
2026-04-05 17:17:08 - Set SecurityContextHolder to anonymous SecurityContext
2026-04-05 17:17:08 - Request requested invalid session id 487ECCB308EA55C73F645399A4E813B3
2026-04-05 17:17:08 - Securing GET /swagger-ui/index.css
2026-04-05 17:17:08 - Securing GET /swagger-ui/swagger-ui-bundle.js
2026-04-05 17:17:08 - No JWT found in request
2026-04-05 17:17:08 - No JWT found in request
2026-04-05 17:17:08 - Secured GET /swagger-ui/swagger-ui.css
2026-04-05 17:17:08 - Set SecurityContextHolder to anonymous SecurityContext
2026-04-05 17:17:08 - GET "/swagger-ui/swagger-ui.css", parameters={}
2026-04-05 17:17:08 - Set SecurityContextHolder to anonymous SecurityContext
2026-04-05 17:17:08 - Request requested invalid session id 487ECCB308EA55C73F645399A4E813B3
2026-04-05 17:17:08 - Request requested invalid session id 487ECCB308EA55C73F645399A4E813B3
2026-04-05 17:17:08 - Mapped to ResourceHttpRequestHandler [classpath [META-INF/resources/webjars/]]
2026-04-05 17:17:08 - Secured GET /swagger-ui/swagger-ui-bundle.js
2026-04-05 17:17:08 - Secured GET /swagger-ui/index.css
2026-04-05 17:17:08 - GET "/swagger-ui/index.css", parameters={}
2026-04-05 17:17:08 - GET "/swagger-ui/swagger-ui-bundle.js", parameters={}
2026-04-05 17:17:08 - Mapped to ResourceHttpRequestHandler [classpath [META-INF/resources/webjars/]]
2026-04-05 17:17:08 - Mapped to ResourceHttpRequestHandler [classpath [META-INF/resources/webjars/]]
2026-04-05 17:17:08 - Completed 200 OK
2026-04-05 17:17:08 - Securing GET /swagger-ui/swagger-ui-standalone-preset.js
2026-04-05 17:17:08 - No JWT found in request
2026-04-05 17:17:08 - Set SecurityContextHolder to anonymous SecurityContext
2026-04-05 17:17:08 - Request requested invalid session id 487ECCB308EA55C73F645399A4E813B3
2026-04-05 17:17:08 - Completed 200 OK
2026-04-05 17:17:08 - Secured GET /swagger-ui/swagger-ui-standalone-preset.js
2026-04-05 17:17:08 - GET "/swagger-ui/swagger-ui-standalone-preset.js", parameters={}
2026-04-05 17:17:08 - Mapped to ResourceHttpRequestHandler [classpath [META-INF/resources/webjars/]]
2026-04-05 17:17:08 - Securing GET /swagger-ui/swagger-initializer.js
2026-04-05 17:17:08 - No JWT found in request
2026-04-05 17:17:08 - Set SecurityContextHolder to anonymous SecurityContext
2026-04-05 17:17:08 - Request requested invalid session id 487ECCB308EA55C73F645399A4E813B3
2026-04-05 17:17:08 - Secured GET /swagger-ui/swagger-initializer.js
2026-04-05 17:17:08 - GET "/swagger-ui/swagger-initializer.js", parameters={}
2026-04-05 17:17:08 - Mapped to ResourceHttpRequestHandler [classpath [META-INF/resources/webjars/]]
2026-04-05 17:17:08 - Completed 200 OK
2026-04-05 17:17:08 - Completed 200 OK
2026-04-05 17:17:08 - Completed 200 OK
2026-04-05 17:17:10 - Securing GET /v3/api-docs/swagger-config
2026-04-05 17:17:10 - Securing GET /swagger-ui/favicon-32x32.png
2026-04-05 17:17:10 - No JWT found in request
2026-04-05 17:17:10 - No JWT found in request
2026-04-05 17:17:10 - Set SecurityContextHolder to anonymous SecurityContext
2026-04-05 17:17:10 - Request requested invalid session id 487ECCB308EA55C73F645399A4E813B3
2026-04-05 17:17:10 - Set SecurityContextHolder to anonymous SecurityContext
2026-04-05 17:17:10 - Request requested invalid session id 487ECCB308EA55C73F645399A4E813B3
2026-04-05 17:17:10 - Secured GET /swagger-ui/favicon-32x32.png
2026-04-05 17:17:10 - GET "/swagger-ui/favicon-32x32.png", parameters={}
2026-04-05 17:17:10 - Secured GET /v3/api-docs/swagger-config
2026-04-05 17:17:10 - GET "/v3/api-docs/swagger-config", parameters={}
2026-04-05 17:17:10 - Mapped to ResourceHttpRequestHandler [classpath [META-INF/resources/webjars/]]
2026-04-05 17:17:10 - Mapped to org.springdoc.webmvc.ui.SwaggerConfigResource#openapiJson(HttpServletRequest)
2026-04-05 17:17:10 - Using 'application/json', given [*/*] and supported [application/json]
2026-04-05 17:17:10 - Completed 200 OK
2026-04-05 17:17:10 - Writing [{configUrl=/v3/api-docs/swagger-config, oauth2RedirectUrl=http://localhost:8080/swagger-ui/oauth2-re (truncated)...]
2026-04-05 17:17:10 - Completed 200 OK
2026-04-05 17:17:10 - Securing GET /v3/api-docs
2026-04-05 17:17:10 - No JWT found in request
2026-04-05 17:17:10 - Set SecurityContextHolder to anonymous SecurityContext
2026-04-05 17:17:10 - Request requested invalid session id 487ECCB308EA55C73F645399A4E813B3
2026-04-05 17:17:10 - Secured GET /v3/api-docs
2026-04-05 17:17:10 - GET "/v3/api-docs", parameters={}
2026-04-05 17:17:10 - Mapped to org.springdoc.webmvc.api.OpenApiWebMvcResource#openapiJson(HttpServletRequest, String, Locale)
2026-04-05 17:17:13 - Init duration for springdoc-openapi is: 2831 ms
2026-04-05 17:17:13 - Using 'application/json', given [application/json, */*] and supported [application/json]
2026-04-05 17:17:13 - Writing [{123, 34, 111, 112, 101, 110, 97, 112, 105, 34, 58, 34, 51, 46, 48, 46, 49, 34, 44, 34, 105, 110, 10 (truncated)...]
2026-04-05 17:17:13 - Completed 200 OK
